STAR version=2.7.11b
STAR compilation time,server,dir=2025-01-09T12:32:06+0000 :/opt/conda/conda-bld/star_1736425784849/work/source
##### Command Line:
/opt/conda/bin/STAR-avx2 --runMode genomeGenerate --genomeDir star/ --genomeFastaFiles GRCh38.p13.genome.fa --runThreadN 12 --limitGenomeGenerateRAM 53587091200 --genomeSAindexNbases 14
##### Initial USER parameters from Command Line:
###### All USER parameters from Command Line:
runMode                       genomeGenerate        ~RE-DEFINED
genomeDir                     star/     ~RE-DEFINED
genomeFastaFiles              GRCh38.p13.genome.fa        ~RE-DEFINED
runThreadN                    12     ~RE-DEFINED
limitGenomeGenerateRAM        53587091200     ~RE-DEFINED
genomeSAindexNbases           14     ~RE-DEFINED
##### Finished reading parameters from all sources

##### Final user re-defined parameters-----------------:
runMode                           genomeGenerate   
runThreadN                        12
genomeDir                         star/
genomeFastaFiles                  GRCh38.p13.genome.fa   
genomeSAindexNbases               14
limitGenomeGenerateRAM            53587091200

-------------------------------
##### Final effective command line:
/opt/conda/bin/STAR-avx2   --runMode genomeGenerate      --runThreadN 12   --genomeDir star/   --genomeFastaFiles GRCh38.p13.genome.fa      --genomeSAindexNbases 14   --limitGenomeGenerateRAM 53587091200
----------------------------------------

Number of fastq files for each mate = 1
ParametersSolo: --soloCellFilterType CellRanger2.2 filtering parameters:  3000 0.99 10
Finished loading and checking parameters
--genomeDir directory exists and will be overwritten: star/
Feb 17 13:39:47 ... starting to generate Genome files
GRCh38.p13.genome.fa : chr # 0  "chr1" chrStart: 0
GRCh38.p13.genome.fa : chr # 1  "chr2" chrStart: 249036800
GRCh38.p13.genome.fa : chr # 2  "chr3" chrStart: 491257856
GRCh38.p13.genome.fa : chr # 3  "chr4" chrStart: 689700864
GRCh38.p13.genome.fa : chr # 4  "chr5" chrStart: 880017408
GRCh38.p13.genome.fa : chr # 5  "chr6" chrStart: 1061683200
GRCh38.p13.genome.fa : chr # 6  "chr7" chrStart: 1232601088
GRCh38.p13.genome.fa : chr # 7  "chr8" chrStart: 1391984640
GRCh38.p13.genome.fa : chr # 8  "chr9" chrStart: 1537212416
GRCh38.p13.genome.fa : chr # 9  "chr10" chrStart: 1675624448
GRCh38.p13.genome.fa : chr # 10  "chr11" chrStart: 1809580032
GRCh38.p13.genome.fa : chr # 11  "chr12" chrStart: 1944846336
GRCh38.p13.genome.fa : chr # 12  "chr13" chrStart: 2078277632
GRCh38.p13.genome.fa : chr # 13  "chr14" chrStart: 2192834560
GRCh38.p13.genome.fa : chr # 14  "chr15" chrStart: 2300051456
GRCh38.p13.genome.fa : chr # 15  "chr16" chrStart: 2402287616
GRCh38.p13.genome.fa : chr # 16  "chr17" chrStart: 2492727296
GRCh38.p13.genome.fa : chr # 17  "chr18" chrStart: 2576089088
GRCh38.p13.genome.fa : chr # 18  "chr19" chrStart: 2656567296
GRCh38.p13.genome.fa : chr # 19  "chr20" chrStart: 2715287552
GRCh38.p13.genome.fa : chr # 20  "chr21" chrStart: 2779774976
GRCh38.p13.genome.fa : chr # 21  "chr22" chrStart: 2826698752
GRCh38.p13.genome.fa : chr # 22  "chrX" chrStart: 2877554688
GRCh38.p13.genome.fa : chr # 23  "chrY" chrStart: 3033792512
GRCh38.p13.genome.fa : chr # 24  "chrM" chrStart: 3091202048
GRCh38.p13.genome.fa : chr # 25  "GL000008.2" chrStart: 3091464192
GRCh38.p13.genome.fa : chr # 26  "GL000009.2" chrStart: 3091726336
GRCh38.p13.genome.fa : chr # 27  "GL000194.1" chrStart: 3091988480
GRCh38.p13.genome.fa : chr # 28  "GL000195.1" chrStart: 3092250624
GRCh38.p13.genome.fa : chr # 29  "GL000205.2" chrStart: 3092512768
GRCh38.p13.genome.fa : chr # 30  "GL000208.1" chrStart: 3092774912
GRCh38.p13.genome.fa : chr # 31  "GL000213.1" chrStart: 3093037056
GRCh38.p13.genome.fa : chr # 32  "GL000214.1" chrStart: 3093299200
GRCh38.p13.genome.fa : chr # 33  "GL000216.2" chrStart: 3093561344
GRCh38.p13.genome.fa : chr # 34  "GL000218.1" chrStart: 3093823488
GRCh38.p13.genome.fa : chr # 35  "GL000219.1" chrStart: 3094085632
GRCh38.p13.genome.fa : chr # 36  "GL000220.1" chrStart: 3094347776
GRCh38.p13.genome.fa : chr # 37  "GL000221.1" chrStart: 3094609920
GRCh38.p13.genome.fa : chr # 38  "GL000224.1" chrStart: 3094872064
GRCh38.p13.genome.fa : chr # 39  "GL000225.1" chrStart: 3095134208
GRCh38.p13.genome.fa : chr # 40  "GL000226.1" chrStart: 3095396352
GRCh38.p13.genome.fa : chr # 41  "KQ759759.1" chrStart: 3095658496
GRCh38.p13.genome.fa : chr # 42  "ML143376.1" chrStart: 3095920640
GRCh38.p13.genome.fa : chr # 43  "KN538364.1" chrStart: 3096444928
GRCh38.p13.genome.fa : chr # 44  "ML143355.1" chrStart: 3096969216
GRCh38.p13.genome.fa : chr # 45  "ML143348.1" chrStart: 3097493504
GRCh38.p13.genome.fa : chr # 46  "ML143347.1" chrStart: 3097755648
GRCh38.p13.genome.fa : chr # 47  "ML143346.1" chrStart: 3098017792
GRCh38.p13.genome.fa : chr # 48  "ML143352.1" chrStart: 3098279936
GRCh38.p13.genome.fa : chr # 49  "KQ759762.1" chrStart: 3098542080
GRCh38.p13.genome.fa : chr # 50  "ML143375.1" chrStart: 3098804224
GRCh38.p13.genome.fa : chr # 51  "KQ031383.1" chrStart: 3099066368
GRCh38.p13.genome.fa : chr # 52  "KN538369.1" chrStart: 3099590656
GRCh38.p13.genome.fa : chr # 53  "ML143342.1" chrStart: 3100377088
GRCh38.p13.genome.fa : chr # 54  "ML143350.1" chrStart: 3100639232
GRCh38.p13.genome.fa : chr # 55  "ML143362.1" chrStart: 3100901376
GRCh38.p13.genome.fa : chr # 56  "JH159136.1" chrStart: 3101163520
GRCh38.p13.genome.fa : chr # 57  "ML143357.1" chrStart: 3101425664
GRCh38.p13.genome.fa : chr # 58  "ML143385.1" chrStart: 3101687808
GRCh38.p13.genome.fa : chr # 59  "ML143378.1" chrStart: 3101949952
GRCh38.p13.genome.fa : chr # 60  "ML143382.1" chrStart: 3102474240
GRCh38.p13.genome.fa : chr # 61  "ML143383.1" chrStart: 3102736384
GRCh38.p13.genome.fa : chr # 62  "ML143384.1" chrStart: 3102998528
GRCh38.p13.genome.fa : chr # 63  "JH159137.1" chrStart: 3103260672
GRCh38.p13.genome.fa : chr # 64  "ML143356.1" chrStart: 3103522816
GRCh38.p13.genome.fa : chr # 65  "ML143364.1" chrStart: 3103784960
GRCh38.p13.genome.fa : chr # 66  "ML143365.1" chrStart: 3104047104
GRCh38.p13.genome.fa : chr # 67  "KZ208923.1" chrStart: 3104309248
GRCh38.p13.genome.fa : chr # 68  "KZ208924.1" chrStart: 3104571392
GRCh38.p13.genome.fa : chr # 69  "KQ031387.1" chrStart: 3104833536
GRCh38.p13.genome.fa : chr # 70  "KV766195.1" chrStart: 3105357824
GRCh38.p13.genome.fa : chr # 71  "KZ208916.1" chrStart: 3105619968
GRCh38.p13.genome.fa : chr # 72  "ML143363.1" chrStart: 3106668544
GRCh38.p13.genome.fa : chr # 73  "KN538360.1" chrStart: 3106930688
GRCh38.p13.genome.fa : chr # 74  "KZ208920.1" chrStart: 3107454976
GRCh38.p13.genome.fa : chr # 75  "KZ208906.1" chrStart: 3108241408
GRCh38.p13.genome.fa : chr # 76  "KN196484.1" chrStart: 3108765696
GRCh38.p13.genome.fa : chr # 77  "KN196476.1" chrStart: 3109289984
GRCh38.p13.genome.fa : chr # 78  "KQ983257.1" chrStart: 3109814272
GRCh38.p13.genome.fa : chr # 79  "KN196479.1" chrStart: 3110076416
GRCh38.p13.genome.fa : chr # 80  "KV575245.1" chrStart: 3110600704
GRCh38.p13.genome.fa : chr # 81  "KZ208917.1" chrStart: 3110862848
GRCh38.p13.genome.fa : chr # 82  "KZ208911.1" chrStart: 3111124992
GRCh38.p13.genome.fa : chr # 83  "KN196473.1" chrStart: 3111387136
GRCh38.p13.genome.fa : chr # 84  "KZ559108.1" chrStart: 3111649280
GRCh38.p13.genome.fa : chr # 85  "KN196487.1" chrStart: 3112173568
GRCh38.p13.genome.fa : chr # 86  "KQ759760.1" chrStart: 3112435712
GRCh38.p13.genome.fa : chr # 87  "KN196475.1" chrStart: 3112960000
GRCh38.p13.genome.fa : chr # 88  "KV880766.1" chrStart: 3113484288
GRCh38.p13.genome.fa : chr # 89  "KV880767.1" chrStart: 3113746432
GRCh38.p13.genome.fa : chr # 90  "KQ090016.1" chrStart: 3114270720
GRCh38.p13.genome.fa : chr # 91  "ML143374.1" chrStart: 3114532864
GRCh38.p13.genome.fa : chr # 92  "KV880764.1" chrStart: 3114795008
GRCh38.p13.genome.fa : chr # 93  "KN538361.1" chrStart: 3115057152
GRCh38.p13.genome.fa : chr # 94  "KN196474.1" chrStart: 3115581440
GRCh38.p13.genome.fa : chr # 95  "ML143360.1" chrStart: 3115843584
GRCh38.p13.genome.fa : chr # 96  "KZ559109.1" chrStart: 3116105728
GRCh38.p13.genome.fa : chr # 97  "ML143359.1" chrStart: 3116630016
GRCh38.p13.genome.fa : chr # 98  "KQ090022.1" chrStart: 3116892160
GRCh38.p13.genome.fa : chr # 99  "KV766194.1" chrStart: 3117154304
GRCh38.p13.genome.fa : chr # 100  "KN196478.1" chrStart: 3117416448
GRCh38.p13.genome.fa : chr # 101  "KZ559104.1" chrStart: 3117940736
GRCh38.p13.genome.fa : chr # 102  "KN196480.1" chrStart: 3118202880
GRCh38.p13.genome.fa : chr # 103  "ML143370.1" chrStart: 3118727168
GRCh38.p13.genome.fa : chr # 104  "KQ090028.1" chrStart: 3119251456
GRCh38.p13.genome.fa : chr # 105  "KN196483.1" chrStart: 3119775744
GRCh38.p13.genome.fa : chr # 106  "KN196481.1" chrStart: 3120037888
GRCh38.p13.genome.fa : chr # 107  "KN538363.1" chrStart: 3120300032
GRCh38.p13.genome.fa : chr # 108  "KN538362.1" chrStart: 3120824320
GRCh38.p13.genome.fa : chr # 109  "KQ031385.1" chrStart: 3121086464
GRCh38.p13.genome.fa : chr # 110  "KV766192.1" chrStart: 3121610752
GRCh38.p13.genome.fa : chr # 111  "KQ031386.1" chrStart: 3122135040
GRCh38.p13.genome.fa : chr # 112  "KQ031388.1" chrStart: 3122397184
GRCh38.p13.genome.fa : chr # 113  "KN538365.1" chrStart: 3122659328
GRCh38.p13.genome.fa : chr # 114  "KN538366.1" chrStart: 3122921472
GRCh38.p13.genome.fa : chr # 115  "KN538367.1" chrStart: 3123183616
GRCh38.p13.genome.fa : chr # 116  "ML143361.1" chrStart: 3123707904
GRCh38.p13.genome.fa : chr # 117  "KN538370.1" chrStart: 3124232192
GRCh38.p13.genome.fa : chr # 118  "KN538373.1" chrStart: 3124494336
GRCh38.p13.genome.fa : chr # 119  "KZ559113.1" chrStart: 3124756480
GRCh38.p13.genome.fa : chr # 120  "KV880765.1" chrStart: 3125280768
GRCh38.p13.genome.fa : chr # 121  "KV766196.1" chrStart: 3125805056
GRCh38.p13.genome.fa : chr # 122  "KN538371.1" chrStart: 3126329344
GRCh38.p13.genome.fa : chr # 123  "KQ031384.1" chrStart: 3126591488
GRCh38.p13.genome.fa : chr # 124  "KN538372.1" chrStart: 3127115776
GRCh38.p13.genome.fa : chr # 125  "KQ090021.1" chrStart: 3127640064
GRCh38.p13.genome.fa : chr # 126  "ML143371.1" chrStart: 3128164352
GRCh38.p13.genome.fa : chr # 127  "KN196482.1" chrStart: 3133669376
GRCh38.p13.genome.fa : chr # 128  "KZ559115.1" chrStart: 3133931520
GRCh38.p13.genome.fa : chr # 129  "KZ208914.1" chrStart: 3134193664
GRCh38.p13.genome.fa : chr # 130  "KZ208922.1" chrStart: 3134455808
GRCh38.p13.genome.fa : chr # 131  "ML143373.1" chrStart: 3134717952
GRCh38.p13.genome.fa : chr # 132  "ML143369.1" chrStart: 3135242240
GRCh38.p13.genome.fa : chr # 133  "ML143366.1" chrStart: 3135504384
GRCh38.p13.genome.fa : chr # 134  "ML143367.1" chrStart: 3136028672
GRCh38.p13.genome.fa : chr # 135  "ML143372.1" chrStart: 3136552960
GRCh38.p13.genome.fa : chr # 136  "ML143380.1" chrStart: 3137077248
GRCh38.p13.genome.fa : chr # 137  "ML143377.1" chrStart: 3137601536
GRCh38.p13.genome.fa : chr # 138  "ML143345.1" chrStart: 3138125824
GRCh38.p13.genome.fa : chr # 139  "KQ458386.1" chrStart: 3138650112
GRCh38.p13.genome.fa : chr # 140  "ML143358.1" chrStart: 3139174400
GRCh38.p13.genome.fa : chr # 141  "KV575244.1" chrStart: 3139698688
GRCh38.p13.genome.fa : chr # 142  "ML143381.1" chrStart: 3140485120
GRCh38.p13.genome.fa : chr # 143  "KZ559100.1" chrStart: 3141009408
GRCh38.p13.genome.fa : chr # 144  "ML143379.1" chrStart: 3141271552
GRCh38.p13.genome.fa : chr # 145  "ML143354.1" chrStart: 3141533696
GRCh38.p13.genome.fa : chr # 146  "ML143351.1" chrStart: 3142057984
GRCh38.p13.genome.fa : chr # 147  "ML143353.1" chrStart: 3142320128
GRCh38.p13.genome.fa : chr # 148  "ML143344.1" chrStart: 3142582272
GRCh38.p13.genome.fa : chr # 149  "ML143349.1" chrStart: 3142844416
GRCh38.p13.genome.fa : chr # 150  "KZ208912.1" chrStart: 3143368704
GRCh38.p13.genome.fa : chr # 151  "ML143341.1" chrStart: 3144155136
GRCh38.p13.genome.fa : chr # 152  "KZ208915.1" chrStart: 3144417280
GRCh38.p13.genome.fa : chr # 153  "KV880768.1" chrStart: 3150970880
GRCh38.p13.genome.fa : chr # 154  "KN196472.1" chrStart: 3153068032
GRCh38.p13.genome.fa : chr # 155  "GL383545.1" chrStart: 3153330176
GRCh38.p13.genome.fa : chr # 156  "GL383546.1" chrStart: 3153592320
GRCh38.p13.genome.fa : chr # 157  "KI270824.1" chrStart: 3154116608
GRCh38.p13.genome.fa : chr # 158  "KI270825.1" chrStart: 3154378752
GRCh38.p13.genome.fa : chr # 159  "KQ090020.1" chrStart: 3154640896
GRCh38.p13.genome.fa : chr # 160  "GL383547.1" chrStart: 3154903040
GRCh38.p13.genome.fa : chr # 161  "KN538368.1" chrStart: 3155165184
GRCh38.p13.genome.fa : chr # 162  "KI270826.1" chrStart: 3155427328
GRCh38.p13.genome.fa : chr # 163  "KI270827.1" chrStart: 3155689472
GRCh38.p13.genome.fa : chr # 164  "KZ559111.1" chrStart: 3155951616
GRCh38.p13.genome.fa : chr # 165  "KI270829.1" chrStart: 3156213760
GRCh38.p13.genome.fa : chr # 166  "KI270830.1" chrStart: 3156475904
GRCh38.p13.genome.fa : chr # 167  "KI270831.1" chrStart: 3156738048
GRCh38.p13.genome.fa : chr # 168  "KI270832.1" chrStart: 3157262336
GRCh38.p13.genome.fa : chr # 169  "KI270902.1" chrStart: 3157524480
GRCh38.p13.genome.fa : chr # 170  "KI270903.1" chrStart: 3157786624
GRCh38.p13.genome.fa : chr # 171  "KZ559110.1" chrStart: 3158048768
GRCh38.p13.genome.fa : chr # 172  "KI270927.1" chrStart: 3158573056
GRCh38.p13.genome.fa : chr # 173  "GL877875.1" chrStart: 3158835200
GRCh38.p13.genome.fa : chr # 174  "GL383549.1" chrStart: 3159097344
GRCh38.p13.genome.fa : chr # 175  "GL383550.2" chrStart: 3159359488
GRCh38.p13.genome.fa : chr # 176  "KQ090023.1" chrStart: 3159621632
GRCh38.p13.genome.fa : chr # 177  "GL877876.1" chrStart: 3159883776
GRCh38.p13.genome.fa : chr # 178  "GL383552.1" chrStart: 3160408064
GRCh38.p13.genome.fa : chr # 179  "KI270904.1" chrStart: 3160670208
GRCh38.p13.genome.fa : chr # 180  "GL383553.2" chrStart: 3161456640
GRCh38.p13.genome.fa : chr # 181  "KI270835.1" chrStart: 3161718784
GRCh38.p13.genome.fa : chr # 182  "GL383551.1" chrStart: 3161980928
GRCh38.p13.genome.fa : chr # 183  "KI270837.1" chrStart: 3162243072
GRCh38.p13.genome.fa : chr # 184  "KI270833.1" chrStart: 3162505216
GRCh38.p13.genome.fa : chr # 185  "KI270834.1" chrStart: 3162767360
GRCh38.p13.genome.fa : chr # 186  "KI270836.1" chrStart: 3163029504
GRCh38.p13.genome.fa : chr # 187  "KZ208918.1" chrStart: 3163291648
GRCh38.p13.genome.fa : chr # 188  "KZ559112.1" chrStart: 3163553792
GRCh38.p13.genome.fa : chr # 189  "KI270838.1" chrStart: 3163815936
GRCh38.p13.genome.fa : chr # 190  "KI270839.1" chrStart: 3164340224
GRCh38.p13.genome.fa : chr # 191  "KI270840.1" chrStart: 3164602368
GRCh38.p13.genome.fa : chr # 192  "KI270841.1" chrStart: 3164864512
GRCh38.p13.genome.fa : chr # 193  "KI270842.1" chrStart: 3165126656
GRCh38.p13.genome.fa : chr # 194  "KI270843.1" chrStart: 3165388800
GRCh38.p13.genome.fa : chr # 195  "KQ090024.1" chrStart: 3165650944
GRCh38.p13.genome.fa : chr # 196  "KQ090025.1" chrStart: 3165913088
GRCh38.p13.genome.fa : chr # 197  "KI270844.1" chrStart: 3166175232
GRCh38.p13.genome.fa : chr # 198  "KI270845.1" chrStart: 3166699520
GRCh38.p13.genome.fa : chr # 199  "KI270846.1" chrStart: 3166961664
GRCh38.p13.genome.fa : chr # 200  "KI270847.1" chrStart: 3168534528
GRCh38.p13.genome.fa : chr # 201  "KZ208919.1" chrStart: 3170107392
GRCh38.p13.genome.fa : chr # 202  "ML143368.1" chrStart: 3170369536
GRCh38.p13.genome.fa : chr # 203  "KI270852.1" chrStart: 3170893824
GRCh38.p13.genome.fa : chr # 204  "KI270848.1" chrStart: 3171418112
GRCh38.p13.genome.fa : chr # 205  "GL383554.1" chrStart: 3171942400
GRCh38.p13.genome.fa : chr # 206  "KI270906.1" chrStart: 3172466688
GRCh38.p13.genome.fa : chr # 207  "GL383555.2" chrStart: 3172728832
GRCh38.p13.genome.fa : chr # 208  "KI270851.1" chrStart: 3173253120
GRCh38.p13.genome.fa : chr # 209  "KI270849.1" chrStart: 3173777408
GRCh38.p13.genome.fa : chr # 210  "KI270905.1" chrStart: 3174039552
GRCh38.p13.genome.fa : chr # 211  "KI270850.1" chrStart: 3179282432
GRCh38.p13.genome.fa : chr # 212  "KQ031389.1" chrStart: 3179806720
GRCh38.p13.genome.fa : chr # 213  "KI270853.1" chrStart: 3182428160
GRCh38.p13.genome.fa : chr # 214  "GL383556.1" chrStart: 3185311744
GRCh38.p13.genome.fa : chr # 215  "GL383557.1" chrStart: 3185573888
GRCh38.p13.genome.fa : chr # 216  "KI270855.1" chrStart: 3185836032
GRCh38.p13.genome.fa : chr # 217  "KQ031390.1" chrStart: 3186098176
GRCh38.p13.genome.fa : chr # 218  "KI270856.1" chrStart: 3186360320
GRCh38.p13.genome.fa : chr # 219  "KQ090027.1" chrStart: 3186622464
GRCh38.p13.genome.fa : chr # 220  "KQ090026.1" chrStart: 3187146752
GRCh38.p13.genome.fa : chr # 221  "KZ208921.1" chrStart: 3187408896
GRCh38.p13.genome.fa : chr # 222  "KI270854.1" chrStart: 3187671040
GRCh38.p13.genome.fa : chr # 223  "KI270909.1" chrStart: 3187933184
GRCh38.p13.genome.fa : chr # 224  "KV766197.1" chrStart: 3188457472
GRCh38.p13.genome.fa : chr # 225  "KZ559114.1" chrStart: 3188719616
GRCh38.p13.genome.fa : chr # 226  "GL383563.3" chrStart: 3188981760
GRCh38.p13.genome.fa : chr # 227  "KI270861.1" chrStart: 3189506048
GRCh38.p13.genome.fa : chr # 228  "GL383564.2" chrStart: 3189768192
GRCh38.p13.genome.fa : chr # 229  "GL000258.2" chrStart: 3190030336
GRCh38.p13.genome.fa : chr # 230  "KI270860.1" chrStart: 3191865344
GRCh38.p13.genome.fa : chr # 231  "KI270907.1" chrStart: 3192127488
GRCh38.p13.genome.fa : chr # 232  "KI270862.1" chrStart: 3192389632
GRCh38.p13.genome.fa : chr # 233  "GL383565.1" chrStart: 3192913920
GRCh38.p13.genome.fa : chr # 234  "KI270908.1" chrStart: 3193176064
GRCh38.p13.genome.fa : chr # 235  "KV766198.1" chrStart: 3194748928
GRCh38.p13.genome.fa : chr # 236  "KI270910.1" chrStart: 3195273216
GRCh38.p13.genome.fa : chr # 237  "GL383566.1" chrStart: 3195535360
GRCh38.p13.genome.fa : chr # 238  "JH159146.1" chrStart: 3195797504
GRCh38.p13.genome.fa : chr # 239  "JH159147.1" chrStart: 3196321792
GRCh38.p13.genome.fa : chr # 240  "JH159148.1" chrStart: 3196583936
GRCh38.p13.genome.fa : chr # 241  "KI270857.1" chrStart: 3196846080
GRCh38.p13.genome.fa : chr # 242  "KI270858.1" chrStart: 3199729664
GRCh38.p13.genome.fa : chr # 243  "KI270859.1" chrStart: 3199991808
GRCh38.p13.genome.fa : chr # 244  "KZ559116.1" chrStart: 3200253952
GRCh38.p13.genome.fa : chr # 245  "GL383567.1" chrStart: 3200516096
GRCh38.p13.genome.fa : chr # 246  "GL383568.1" chrStart: 3201040384
GRCh38.p13.genome.fa : chr # 247  "GL383569.1" chrStart: 3201302528
GRCh38.p13.genome.fa : chr # 248  "GL383570.1" chrStart: 3201564672
GRCh38.p13.genome.fa : chr # 249  "GL383571.1" chrStart: 3201826816
GRCh38.p13.genome.fa : chr # 250  "GL383572.1" chrStart: 3202088960
GRCh38.p13.genome.fa : chr # 251  "KI270863.1" chrStart: 3202351104
GRCh38.p13.genome.fa : chr # 252  "KI270864.1" chrStart: 3202613248
GRCh38.p13.genome.fa : chr # 253  "KQ458385.1" chrStart: 3202875392
GRCh38.p13.genome.fa : chr # 254  "KI270912.1" chrStart: 3203137536
GRCh38.p13.genome.fa : chr # 255  "KI270911.1" chrStart: 3203399680
GRCh38.p13.genome.fa : chr # 256  "KV575254.1" chrStart: 3203661824
GRCh38.p13.genome.fa : chr # 257  "KV575246.1" chrStart: 3203923968
GRCh38.p13.genome.fa : chr # 258  "KV575256.1" chrStart: 3204186112
GRCh38.p13.genome.fa : chr # 259  "KV575253.1" chrStart: 3204448256
GRCh38.p13.genome.fa : chr # 260  "KV575252.1" chrStart: 3204710400
GRCh38.p13.genome.fa : chr # 261  "KV575255.1" chrStart: 3204972544
GRCh38.p13.genome.fa : chr # 262  "KV575259.1" chrStart: 3205234688
GRCh38.p13.genome.fa : chr # 263  "KI270917.1" chrStart: 3205496832
GRCh38.p13.genome.fa : chr # 264  "KI270918.1" chrStart: 3205758976
GRCh38.p13.genome.fa : chr # 265  "KI270919.1" chrStart: 3206021120
GRCh38.p13.genome.fa : chr # 266  "KV575247.1" chrStart: 3206283264
GRCh38.p13.genome.fa : chr # 267  "KV575248.1" chrStart: 3206545408
GRCh38.p13.genome.fa : chr # 268  "KV575250.1" chrStart: 3206807552
GRCh38.p13.genome.fa : chr # 269  "KV575249.1" chrStart: 3207069696
GRCh38.p13.genome.fa : chr # 270  "KV575257.1" chrStart: 3207593984
GRCh38.p13.genome.fa : chr # 271  "KI270920.1" chrStart: 3207856128
GRCh38.p13.genome.fa : chr # 272  "KI270921.1" chrStart: 3208118272
GRCh38.p13.genome.fa : chr # 273  "KI270922.1" chrStart: 3208642560
GRCh38.p13.genome.fa : chr # 274  "KI270923.1" chrStart: 3208904704
GRCh38.p13.genome.fa : chr # 275  "KI270929.1" chrStart: 3209166848
GRCh38.p13.genome.fa : chr # 276  "KI270930.1" chrStart: 3209428992
GRCh38.p13.genome.fa : chr # 277  "KI270931.1" chrStart: 3209691136
GRCh38.p13.genome.fa : chr # 278  "KI270932.1" chrStart: 3209953280
GRCh38.p13.genome.fa : chr # 279  "KI270933.1" chrStart: 3210215424
GRCh38.p13.genome.fa : chr # 280  "KI270882.1" chrStart: 3210477568
GRCh38.p13.genome.fa : chr # 281  "KI270883.1" chrStart: 3210739712
GRCh38.p13.genome.fa : chr # 282  "KI270884.1" chrStart: 3211001856
GRCh38.p13.genome.fa : chr # 283  "KI270885.1" chrStart: 3211264000
GRCh38.p13.genome.fa : chr # 284  "KI270886.1" chrStart: 3211526144
GRCh38.p13.genome.fa : chr # 285  "KI270887.1" chrStart: 3211788288
GRCh38.p13.genome.fa : chr # 286  "KI270888.1" chrStart: 3212050432
GRCh38.p13.genome.fa : chr # 287  "KV575258.1" chrStart: 3212312576
GRCh38.p13.genome.fa : chr # 288  "KV575251.1" chrStart: 3212574720
GRCh38.p13.genome.fa : chr # 289  "KV575260.1" chrStart: 3212836864
GRCh38.p13.genome.fa : chr # 290  "KI270889.1" chrStart: 3213099008
GRCh38.p13.genome.fa : chr # 291  "KI270890.1" chrStart: 3213361152
GRCh38.p13.genome.fa : chr # 292  "GL000209.2" chrStart: 3213623296
GRCh38.p13.genome.fa : chr # 293  "KI270891.1" chrStart: 3213885440
GRCh38.p13.genome.fa : chr # 294  "KI270914.1" chrStart: 3214147584
GRCh38.p13.genome.fa : chr # 295  "KI270915.1" chrStart: 3214409728
GRCh38.p13.genome.fa : chr # 296  "KI270916.1" chrStart: 3214671872
GRCh38.p13.genome.fa : chr # 297  "GL949746.1" chrStart: 3214934016
GRCh38.p13.genome.fa : chr # 298  "GL949747.2" chrStart: 3215982592
GRCh38.p13.genome.fa : chr # 299  "GL949748.2" chrStart: 3216769024
GRCh38.p13.genome.fa : chr # 300  "GL949749.2" chrStart: 3218079744
GRCh38.p13.genome.fa : chr # 301  "GL949750.2" chrStart: 3219390464
GRCh38.p13.genome.fa : chr # 302  "GL949751.2" chrStart: 3220701184
GRCh38.p13.genome.fa : chr # 303  "GL949752.1" chrStart: 3221749760
GRCh38.p13.genome.fa : chr # 304  "GL949753.2" chrStart: 3222798336
GRCh38.p13.genome.fa : chr # 305  "GL383573.1" chrStart: 3223846912
GRCh38.p13.genome.fa : chr # 306  "GL383574.1" chrStart: 3224371200
GRCh38.p13.genome.fa : chr # 307  "GL383575.2" chrStart: 3224633344
GRCh38.p13.genome.fa : chr # 308  "KI270866.1" chrStart: 3224895488
GRCh38.p13.genome.fa : chr # 309  "GL383576.1" chrStart: 3225157632
GRCh38.p13.genome.fa : chr # 310  "KI270867.1" chrStart: 3225419776
GRCh38.p13.genome.fa : chr # 311  "KI270865.1" chrStart: 3225681920
GRCh38.p13.genome.fa : chr # 312  "KI270938.1" chrStart: 3225944064
GRCh38.p13.genome.fa : chr # 313  "KI270868.1" chrStart: 3227254784
GRCh38.p13.genome.fa : chr # 314  "KI270760.1" chrStart: 3227516928
GRCh38.p13.genome.fa : chr # 315  "KI270762.1" chrStart: 3227779072
GRCh38.p13.genome.fa : chr # 316  "GL383518.1" chrStart: 3228303360
GRCh38.p13.genome.fa : chr # 317  "KI270759.1" chrStart: 3228565504
GRCh38.p13.genome.fa : chr # 318  "KI270766.1" chrStart: 3229089792
GRCh38.p13.genome.fa : chr # 319  "GL383519.1" chrStart: 3229351936
GRCh38.p13.genome.fa : chr # 320  "KI270761.1" chrStart: 3229614080
GRCh38.p13.genome.fa : chr # 321  "KQ458382.1" chrStart: 3229876224
GRCh38.p13.genome.fa : chr # 322  "GL383520.2" chrStart: 3230138368
GRCh38.p13.genome.fa : chr # 323  "KI270763.1" chrStart: 3230662656
GRCh38.p13.genome.fa : chr # 324  "KQ458383.1" chrStart: 3231711232
GRCh38.p13.genome.fa : chr # 325  "KI270765.1" chrStart: 3232235520
GRCh38.p13.genome.fa : chr # 326  "KI270764.1" chrStart: 3232497664
GRCh38.p13.genome.fa : chr # 327  "KQ983255.1" chrStart: 3232759808
GRCh38.p13.genome.fa : chr # 328  "KQ458384.1" chrStart: 3233284096
GRCh38.p13.genome.fa : chr # 329  "KV880763.1" chrStart: 3233546240
GRCh38.p13.genome.fa : chr # 330  "KZ208904.1" chrStart: 3234332672
GRCh38.p13.genome.fa : chr # 331  "KZ208905.1" chrStart: 3234594816
GRCh38.p13.genome.fa : chr # 332  "KI270892.1" chrStart: 3234856960
GRCh38.p13.genome.fa : chr # 333  "GL383577.2" chrStart: 3235119104
GRCh38.p13.genome.fa : chr # 334  "KI270869.1" chrStart: 3235381248
GRCh38.p13.genome.fa : chr # 335  "KI270870.1" chrStart: 3235643392
GRCh38.p13.genome.fa : chr # 336  "KI270871.1" chrStart: 3235905536
GRCh38.p13.genome.fa : chr # 337  "GL383578.2" chrStart: 3236167680
GRCh38.p13.genome.fa : chr # 338  "GL383579.2" chrStart: 3236429824
GRCh38.p13.genome.fa : chr # 339  "GL383580.2" chrStart: 3236691968
GRCh38.p13.genome.fa : chr # 340  "GL383581.2" chrStart: 3236954112
GRCh38.p13.genome.fa : chr # 341  "KI270872.1" chrStart: 3237216256
GRCh38.p13.genome.fa : chr # 342  "KI270873.1" chrStart: 3237478400
GRCh38.p13.genome.fa : chr # 343  "KI270874.1" chrStart: 3237740544
GRCh38.p13.genome.fa : chr # 344  "GL383582.2" chrStart: 3238002688
GRCh38.p13.genome.fa : chr # 345  "GL383583.2" chrStart: 3238264832
GRCh38.p13.genome.fa : chr # 346  "KI270875.1" chrStart: 3238526976
GRCh38.p13.genome.fa : chr # 347  "KI270876.1" chrStart: 3238789120
GRCh38.p13.genome.fa : chr # 348  "KI270877.1" chrStart: 3239313408
GRCh38.p13.genome.fa : chr # 349  "KI270878.1" chrStart: 3239575552
GRCh38.p13.genome.fa : chr # 350  "KI270879.1" chrStart: 3239837696
GRCh38.p13.genome.fa : chr # 351  "KB663609.1" chrStart: 3240361984
GRCh38.p13.genome.fa : chr # 352  "KI270928.1" chrStart: 3240624128
GRCh38.p13.genome.fa : chr # 353  "KN196485.1" chrStart: 3240886272
GRCh38.p13.genome.fa : chr # 354  "KN196486.1" chrStart: 3241148416
GRCh38.p13.genome.fa : chr # 355  "KQ458387.1" chrStart: 3241410560
GRCh38.p13.genome.fa : chr # 356  "KQ458388.1" chrStart: 3241672704
GRCh38.p13.genome.fa : chr # 357  "KQ759761.1" chrStart: 3241934848
GRCh38.p13.genome.fa : chr # 358  "KI270769.1" chrStart: 3242196992
GRCh38.p13.genome.fa : chr # 359  "KI270767.1" chrStart: 3242459136
GRCh38.p13.genome.fa : chr # 360  "GL383521.1" chrStart: 3242721280
GRCh38.p13.genome.fa : chr # 361  "KI270772.1" chrStart: 3242983424
GRCh38.p13.genome.fa : chr # 362  "GL383522.1" chrStart: 3243245568
GRCh38.p13.genome.fa : chr # 363  "KI270770.1" chrStart: 3243507712
GRCh38.p13.genome.fa : chr # 364  "KI270893.1" chrStart: 3243769856
GRCh38.p13.genome.fa : chr # 365  "KI270894.1" chrStart: 3244032000
GRCh38.p13.genome.fa : chr # 366  "GL582966.2" chrStart: 3244294144
GRCh38.p13.genome.fa : chr # 367  "KI270773.1" chrStart: 3244556288
GRCh38.p13.genome.fa : chr # 368  "KI270776.1" chrStart: 3244818432
GRCh38.p13.genome.fa : chr # 369  "KI270768.1" chrStart: 3245080576
GRCh38.p13.genome.fa : chr # 370  "KI270774.1" chrStart: 3245342720
GRCh38.p13.genome.fa : chr # 371  "KI270771.1" chrStart: 3245604864
GRCh38.p13.genome.fa : chr # 372  "KI270775.1" chrStart: 3245867008
GRCh38.p13.genome.fa : chr # 373  "KQ983256.1" chrStart: 3246129152
GRCh38.p13.genome.fa : chr # 374  "KZ208907.1" chrStart: 3246915584
GRCh38.p13.genome.fa : chr # 375  "KZ208908.1" chrStart: 3247177728
GRCh38.p13.genome.fa : chr # 376  "JH636055.2" chrStart: 3247439872
GRCh38.p13.genome.fa : chr # 377  "GL383526.1" chrStart: 3247702016
GRCh38.p13.genome.fa : chr # 378  "KI270779.1" chrStart: 3247964160
GRCh38.p13.genome.fa : chr # 379  "KI270777.1" chrStart: 3248226304
GRCh38.p13.genome.fa : chr # 380  "KI270782.1" chrStart: 3248488448
GRCh38.p13.genome.fa : chr # 381  "KI270783.1" chrStart: 3248750592
GRCh38.p13.genome.fa : chr # 382  "KI270778.1" chrStart: 3249012736
GRCh38.p13.genome.fa : chr # 383  "KI270895.1" chrStart: 3249274880
GRCh38.p13.genome.fa : chr # 384  "KZ208909.1" chrStart: 3249537024
GRCh38.p13.genome.fa : chr # 385  "KI270780.1" chrStart: 3249799168
GRCh38.p13.genome.fa : chr # 386  "KI270924.1" chrStart: 3250061312
GRCh38.p13.genome.fa : chr # 387  "ML143343.1" chrStart: 3250323456
GRCh38.p13.genome.fa : chr # 388  "KI270781.1" chrStart: 3250585600
GRCh38.p13.genome.fa : chr # 389  "KI270934.1" chrStart: 3250847744
GRCh38.p13.genome.fa : chr # 390  "KZ559105.1" chrStart: 3251109888
GRCh38.p13.genome.fa : chr # 391  "KI270935.1" chrStart: 3251372032
GRCh38.p13.genome.fa : chr # 392  "KZ559101.1" chrStart: 3251634176
GRCh38.p13.genome.fa : chr # 393  "KI270936.1" chrStart: 3251896320
GRCh38.p13.genome.fa : chr # 394  "KZ559102.1" chrStart: 3252158464
GRCh38.p13.genome.fa : chr # 395  "KI270937.1" chrStart: 3252420608
GRCh38.p13.genome.fa : chr # 396  "KZ559103.1" chrStart: 3252682752
GRCh38.p13.genome.fa : chr # 397  "KI270784.1" chrStart: 3253207040
GRCh38.p13.genome.fa : chr # 398  "KQ983258.1" chrStart: 3253469184
GRCh38.p13.genome.fa : chr # 399  "KV766193.1" chrStart: 3253731328
GRCh38.p13.genome.fa : chr # 400  "GL383527.1" chrStart: 3254255616
GRCh38.p13.genome.fa : chr # 401  "KI270790.1" chrStart: 3254517760
GRCh38.p13.genome.fa : chr # 402  "GL383528.1" chrStart: 3254779904
GRCh38.p13.genome.fa : chr # 403  "KI270787.1" chrStart: 3255304192
GRCh38.p13.genome.fa : chr # 404  "GL000257.2" chrStart: 3255566336
GRCh38.p13.genome.fa : chr # 405  "KI270785.1" chrStart: 3256352768
GRCh38.p13.genome.fa : chr # 406  "KQ090013.1" chrStart: 3256614912
GRCh38.p13.genome.fa : chr # 407  "KI270786.1" chrStart: 3256877056
GRCh38.p13.genome.fa : chr # 408  "KI270788.1" chrStart: 3257139200
GRCh38.p13.genome.fa : chr # 409  "KI270789.1" chrStart: 3257401344
GRCh38.p13.genome.fa : chr # 410  "KI270896.1" chrStart: 3257663488
GRCh38.p13.genome.fa : chr # 411  "KI270925.1" chrStart: 3258187776
GRCh38.p13.genome.fa : chr # 412  "KQ090014.1" chrStart: 3258974208
GRCh38.p13.genome.fa : chr # 413  "KQ090015.1" chrStart: 3259236352
GRCh38.p13.genome.fa : chr # 414  "GL383532.1" chrStart: 3259498496
GRCh38.p13.genome.fa : chr # 415  "KI270897.1" chrStart: 3259760640
GRCh38.p13.genome.fa : chr # 416  "GL383531.1" chrStart: 3261071360
GRCh38.p13.genome.fa : chr # 417  "GL949742.1" chrStart: 3261333504
GRCh38.p13.genome.fa : chr # 418  "GL339449.2" chrStart: 3261595648
GRCh38.p13.genome.fa : chr # 419  "KI270795.1" chrStart: 3263430656
GRCh38.p13.genome.fa : chr # 420  "KI270791.1" chrStart: 3263692800
GRCh38.p13.genome.fa : chr # 421  "GL383530.1" chrStart: 3263954944
GRCh38.p13.genome.fa : chr # 422  "KI270898.1" chrStart: 3264217088
GRCh38.p13.genome.fa : chr # 423  "KI270792.1" chrStart: 3264479232
GRCh38.p13.genome.fa : chr # 424  "KI270796.1" chrStart: 3264741376
GRCh38.p13.genome.fa : chr # 425  "KI270793.1" chrStart: 3265003520
GRCh38.p13.genome.fa : chr # 426  "KI270794.1" chrStart: 3265265664
GRCh38.p13.genome.fa : chr # 427  "KN196477.1" chrStart: 3265527808
GRCh38.p13.genome.fa : chr # 428  "KV575243.1" chrStart: 3265789952
GRCh38.p13.genome.fa : chr # 429  "KZ208910.1" chrStart: 3266314240
GRCh38.p13.genome.fa : chr # 430  "KQ090017.1" chrStart: 3266576384
GRCh38.p13.genome.fa : chr # 431  "GL383533.1" chrStart: 3266838528
GRCh38.p13.genome.fa : chr # 432  "KB021644.2" chrStart: 3267100672
GRCh38.p13.genome.fa : chr # 433  "KI270797.1" chrStart: 3267362816
GRCh38.p13.genome.fa : chr # 434  "KI270798.1" chrStart: 3267624960
GRCh38.p13.genome.fa : chr # 435  "KI270799.1" chrStart: 3268149248
GRCh38.p13.genome.fa : chr # 436  "KI270800.1" chrStart: 3268411392
GRCh38.p13.genome.fa : chr # 437  "KI270801.1" chrStart: 3268673536
GRCh38.p13.genome.fa : chr # 438  "KI270802.1" chrStart: 3269722112
GRCh38.p13.genome.fa : chr # 439  "KI270758.1" chrStart: 3269984256
GRCh38.p13.genome.fa : chr # 440  "GL000250.2" chrStart: 3270246400
GRCh38.p13.genome.fa : chr # 441  "GL000251.2" chrStart: 3274964992
GRCh38.p13.genome.fa : chr # 442  "GL000252.2" chrStart: 3279945728
GRCh38.p13.genome.fa : chr # 443  "GL000253.2" chrStart: 3284664320
GRCh38.p13.genome.fa : chr # 444  "GL000254.2" chrStart: 3289382912
GRCh38.p13.genome.fa : chr # 445  "GL000255.2" chrStart: 3294363648
GRCh38.p13.genome.fa : chr # 446  "GL000256.2" chrStart: 3299082240
GRCh38.p13.genome.fa : chr # 447  "KI270804.1" chrStart: 3304062976
GRCh38.p13.genome.fa : chr # 448  "KI270806.1" chrStart: 3304325120
GRCh38.p13.genome.fa : chr # 449  "GL383534.2" chrStart: 3304587264
GRCh38.p13.genome.fa : chr # 450  "KI270805.1" chrStart: 3304849408
GRCh38.p13.genome.fa : chr # 451  "KI270899.1" chrStart: 3305111552
GRCh38.p13.genome.fa : chr # 452  "KI270809.1" chrStart: 3305373696
GRCh38.p13.genome.fa : chr # 453  "KI270803.1" chrStart: 3305635840
GRCh38.p13.genome.fa : chr # 454  "KI270807.1" chrStart: 3306946560
GRCh38.p13.genome.fa : chr # 455  "KZ559106.1" chrStart: 3307208704
GRCh38.p13.genome.fa : chr # 456  "KZ208913.1" chrStart: 3307470848
GRCh38.p13.genome.fa : chr # 457  "KI270808.1" chrStart: 3308257280
GRCh38.p13.genome.fa : chr # 458  "KI270811.1" chrStart: 3308781568
GRCh38.p13.genome.fa : chr # 459  "KI270814.1" chrStart: 3309305856
GRCh38.p13.genome.fa : chr # 460  "KI270810.1" chrStart: 3309568000
GRCh38.p13.genome.fa : chr # 461  "KI270812.1" chrStart: 3310092288
GRCh38.p13.genome.fa : chr # 462  "KI270815.1" chrStart: 3310616576
GRCh38.p13.genome.fa : chr # 463  "KI270813.1" chrStart: 3310878720
GRCh38.p13.genome.fa : chr # 464  "KI270816.1" chrStart: 3311403008
GRCh38.p13.genome.fa : chr # 465  "KI270818.1" chrStart: 3311927296
GRCh38.p13.genome.fa : chr # 466  "KI270817.1" chrStart: 3312189440
GRCh38.p13.genome.fa : chr # 467  "KI270900.1" chrStart: 3312451584
GRCh38.p13.genome.fa : chr # 468  "KI270819.1" chrStart: 3312975872
GRCh38.p13.genome.fa : chr # 469  "KI270901.1" chrStart: 3313238016
GRCh38.p13.genome.fa : chr # 470  "KI270820.1" chrStart: 3313500160
GRCh38.p13.genome.fa : chr # 471  "KI270926.1" chrStart: 3313762304
GRCh38.p13.genome.fa : chr # 472  "KZ559107.1" chrStart: 3314024448
GRCh38.p13.genome.fa : chr # 473  "KI270821.1" chrStart: 3314286592
GRCh38.p13.genome.fa : chr # 474  "KI270822.1" chrStart: 3315335168
GRCh38.p13.genome.fa : chr # 475  "GL383539.1" chrStart: 3316121600
GRCh38.p13.genome.fa : chr # 476  "GL383540.1" chrStart: 3316383744
GRCh38.p13.genome.fa : chr # 477  "GL383541.1" chrStart: 3316645888
GRCh38.p13.genome.fa : chr # 478  "GL383542.1" chrStart: 3316908032
GRCh38.p13.genome.fa : chr # 479  "KI270823.1" chrStart: 3317170176
GRCh38.p13.genome.fa : chr # 480  "KQ090018.1" chrStart: 3317694464
GRCh38.p13.genome.fa : chr # 481  "KQ090019.1" chrStart: 3317956608
GRCh38.p13.genome.fa : chr # 482  "KI270880.1" chrStart: 3318218752
GRCh38.p13.genome.fa : chr # 483  "KI270881.1" chrStart: 3318743040
GRCh38.p13.genome.fa : chr # 484  "KI270913.1" chrStart: 3319005184
GRCh38.p13.genome.fa : chr # 485  "KV766199.1" chrStart: 3319529472
GRCh38.p13.genome.fa : chr # 486  "KI270302.1" chrStart: 3319791616
GRCh38.p13.genome.fa : chr # 487  "KI270303.1" chrStart: 3320053760
GRCh38.p13.genome.fa : chr # 488  "KI270304.1" chrStart: 3320315904
GRCh38.p13.genome.fa : chr # 489  "KI270305.1" chrStart: 3320578048
GRCh38.p13.genome.fa : chr # 490  "KI270310.1" chrStart: 3320840192
GRCh38.p13.genome.fa : chr # 491  "KI270311.1" chrStart: 3321102336
GRCh38.p13.genome.fa : chr # 492  "KI270312.1" chrStart: 3321364480
GRCh38.p13.genome.fa : chr # 493  "KI270315.1" chrStart: 3321626624
GRCh38.p13.genome.fa : chr # 494  "KI270316.1" chrStart: 3321888768
GRCh38.p13.genome.fa : chr # 495  "KI270317.1" chrStart: 3322150912
GRCh38.p13.genome.fa : chr # 496  "KI270320.1" chrStart: 3322413056
GRCh38.p13.genome.fa : chr # 497  "KI270322.1" chrStart: 3322675200
GRCh38.p13.genome.fa : chr # 498  "KI270329.1" chrStart: 3322937344
GRCh38.p13.genome.fa : chr # 499  "KI270330.1" chrStart: 3323199488
GRCh38.p13.genome.fa : chr # 500  "KI270333.1" chrStart: 3323461632
GRCh38.p13.genome.fa : chr # 501  "KI270334.1" chrStart: 3323723776
GRCh38.p13.genome.fa : chr # 502  "KI270335.1" chrStart: 3323985920
GRCh38.p13.genome.fa : chr # 503  "KI270336.1" chrStart: 3324248064
GRCh38.p13.genome.fa : chr # 504  "KI270337.1" chrStart: 3324510208
GRCh38.p13.genome.fa : chr # 505  "KI270338.1" chrStart: 3324772352
GRCh38.p13.genome.fa : chr # 506  "KI270340.1" chrStart: 3325034496
GRCh38.p13.genome.fa : chr # 507  "KI270362.1" chrStart: 3325296640
GRCh38.p13.genome.fa : chr # 508  "KI270363.1" chrStart: 3325558784
GRCh38.p13.genome.fa : chr # 509  "KI270364.1" chrStart: 3325820928
GRCh38.p13.genome.fa : chr # 510  "KI270366.1" chrStart: 3326083072
GRCh38.p13.genome.fa : chr # 511  "KI270371.1" chrStart: 3326345216
GRCh38.p13.genome.fa : chr # 512  "KI270372.1" chrStart: 3326607360
GRCh38.p13.genome.fa : chr # 513  "KI270373.1" chrStart: 3326869504
GRCh38.p13.genome.fa : chr # 514  "KI270374.1" chrStart: 3327131648
GRCh38.p13.genome.fa : chr # 515  "KI270375.1" chrStart: 3327393792
GRCh38.p13.genome.fa : chr # 516  "KI270376.1" chrStart: 3327655936
GRCh38.p13.genome.fa : chr # 517  "KI270378.1" chrStart: 3327918080
GRCh38.p13.genome.fa : chr # 518  "KI270379.1" chrStart: 3328180224
GRCh38.p13.genome.fa : chr # 519  "KI270381.1" chrStart: 3328442368
GRCh38.p13.genome.fa : chr # 520  "KI270382.1" chrStart: 3328704512
GRCh38.p13.genome.fa : chr # 521  "KI270383.1" chrStart: 3328966656
GRCh38.p13.genome.fa : chr # 522  "KI270384.1" chrStart: 3329228800
GRCh38.p13.genome.fa : chr # 523  "KI270385.1" chrStart: 3329490944
GRCh38.p13.genome.fa : chr # 524  "KI270386.1" chrStart: 3329753088
GRCh38.p13.genome.fa : chr # 525  "KI270387.1" chrStart: 3330015232
GRCh38.p13.genome.fa : chr # 526  "KI270388.1" chrStart: 3330277376
GRCh38.p13.genome.fa : chr # 527  "KI270389.1" chrStart: 3330539520
GRCh38.p13.genome.fa : chr # 528  "KI270390.1" chrStart: 3330801664
GRCh38.p13.genome.fa : chr # 529  "KI270391.1" chrStart: 3331063808
GRCh38.p13.genome.fa : chr # 530  "KI270392.1" chrStart: 3331325952
GRCh38.p13.genome.fa : chr # 531  "KI270393.1" chrStart: 3331588096
GRCh38.p13.genome.fa : chr # 532  "KI270394.1" chrStart: 3331850240
GRCh38.p13.genome.fa : chr # 533  "KI270395.1" chrStart: 3332112384
GRCh38.p13.genome.fa : chr # 534  "KI270396.1" chrStart: 3332374528
GRCh38.p13.genome.fa : chr # 535  "KI270411.1" chrStart: 3332636672
GRCh38.p13.genome.fa : chr # 536  "KI270412.1" chrStart: 3332898816
GRCh38.p13.genome.fa : chr # 537  "KI270414.1" chrStart: 3333160960
GRCh38.p13.genome.fa : chr # 538  "KI270417.1" chrStart: 3333423104
GRCh38.p13.genome.fa : chr # 539  "KI270418.1" chrStart: 3333685248
GRCh38.p13.genome.fa : chr # 540  "KI270419.1" chrStart: 3333947392
GRCh38.p13.genome.fa : chr # 541  "KI270420.1" chrStart: 3334209536
GRCh38.p13.genome.fa : chr # 542  "KI270422.1" chrStart: 3334471680
GRCh38.p13.genome.fa : chr # 543  "KI270423.1" chrStart: 3334733824
GRCh38.p13.genome.fa : chr # 544  "KI270424.1" chrStart: 3334995968
GRCh38.p13.genome.fa : chr # 545  "KI270425.1" chrStart: 3335258112
GRCh38.p13.genome.fa : chr # 546  "KI270429.1" chrStart: 3335520256
GRCh38.p13.genome.fa : chr # 547  "KI270435.1" chrStart: 3335782400
GRCh38.p13.genome.fa : chr # 548  "KI270438.1" chrStart: 3336044544
GRCh38.p13.genome.fa : chr # 549  "KI270442.1" chrStart: 3336306688
GRCh38.p13.genome.fa : chr # 550  "KI270448.1" chrStart: 3336830976
GRCh38.p13.genome.fa : chr # 551  "KI270465.1" chrStart: 3337093120
GRCh38.p13.genome.fa : chr # 552  "KI270466.1" chrStart: 3337355264
GRCh38.p13.genome.fa : chr # 553  "KI270467.1" chrStart: 3337617408
GRCh38.p13.genome.fa : chr # 554  "KI270468.1" chrStart: 3337879552
GRCh38.p13.genome.fa : chr # 555  "KI270507.1" chrStart: 3338141696
GRCh38.p13.genome.fa : chr # 556  "KI270508.1" chrStart: 3338403840
GRCh38.p13.genome.fa : chr # 557  "KI270509.1" chrStart: 3338665984
GRCh38.p13.genome.fa : chr # 558  "KI270510.1" chrStart: 3338928128
GRCh38.p13.genome.fa : chr # 559  "KI270511.1" chrStart: 3339190272
GRCh38.p13.genome.fa : chr # 560  "KI270512.1" chrStart: 3339452416
GRCh38.p13.genome.fa : chr # 561  "KI270515.1" chrStart: 3339714560
GRCh38.p13.genome.fa : chr # 562  "KI270516.1" chrStart: 3339976704
GRCh38.p13.genome.fa : chr # 563  "KI270517.1" chrStart: 3340238848
GRCh38.p13.genome.fa : chr # 564  "KI270518.1" chrStart: 3340500992
GRCh38.p13.genome.fa : chr # 565  "KI270519.1" chrStart: 3340763136
GRCh38.p13.genome.fa : chr # 566  "KI270521.1" chrStart: 3341025280
GRCh38.p13.genome.fa : chr # 567  "KI270522.1" chrStart: 3341287424
GRCh38.p13.genome.fa : chr # 568  "KI270528.1" chrStart: 3341549568
GRCh38.p13.genome.fa : chr # 569  "KI270529.1" chrStart: 3341811712
GRCh38.p13.genome.fa : chr # 570  "KI270530.1" chrStart: 3342073856
GRCh38.p13.genome.fa : chr # 571  "KI270538.1" chrStart: 3342336000
GRCh38.p13.genome.fa : chr # 572  "KI270539.1" chrStart: 3342598144
GRCh38.p13.genome.fa : chr # 573  "KI270544.1" chrStart: 3342860288
GRCh38.p13.genome.fa : chr # 574  "KI270548.1" chrStart: 3343122432
GRCh38.p13.genome.fa : chr # 575  "KI270579.1" chrStart: 3343384576
GRCh38.p13.genome.fa : chr # 576  "KI270580.1" chrStart: 3343646720
GRCh38.p13.genome.fa : chr # 577  "KI270581.1" chrStart: 3343908864
GRCh38.p13.genome.fa : chr # 578  "KI270582.1" chrStart: 3344171008
GRCh38.p13.genome.fa : chr # 579  "KI270583.1" chrStart: 3344433152
GRCh38.p13.genome.fa : chr # 580  "KI270584.1" chrStart: 3344695296
GRCh38.p13.genome.fa : chr # 581  "KI270587.1" chrStart: 3344957440
GRCh38.p13.genome.fa : chr # 582  "KI270588.1" chrStart: 3345219584
GRCh38.p13.genome.fa : chr # 583  "KI270589.1" chrStart: 3345481728
GRCh38.p13.genome.fa : chr # 584  "KI270590.1" chrStart: 3345743872
GRCh38.p13.genome.fa : chr # 585  "KI270591.1" chrStart: 3346006016
GRCh38.p13.genome.fa : chr # 586  "KI270593.1" chrStart: 3346268160
GRCh38.p13.genome.fa : chr # 587  "KI270706.1" chrStart: 3346530304
GRCh38.p13.genome.fa : chr # 588  "KI270707.1" chrStart: 3346792448
GRCh38.p13.genome.fa : chr # 589  "KI270708.1" chrStart: 3347054592
GRCh38.p13.genome.fa : chr # 590  "KI270709.1" chrStart: 3347316736
GRCh38.p13.genome.fa : chr # 591  "KI270710.1" chrStart: 3347578880
GRCh38.p13.genome.fa : chr # 592  "KI270711.1" chrStart: 3347841024
GRCh38.p13.genome.fa : chr # 593  "KI270712.1" chrStart: 3348103168
GRCh38.p13.genome.fa : chr # 594  "KI270713.1" chrStart: 3348365312
GRCh38.p13.genome.fa : chr # 595  "KI270714.1" chrStart: 3348627456
GRCh38.p13.genome.fa : chr # 596  "KI270715.1" chrStart: 3348889600
GRCh38.p13.genome.fa : chr # 597  "KI270716.1" chrStart: 3349151744
GRCh38.p13.genome.fa : chr # 598  "KI270717.1" chrStart: 3349413888
GRCh38.p13.genome.fa : chr # 599  "KI270718.1" chrStart: 3349676032
GRCh38.p13.genome.fa : chr # 600  "KI270719.1" chrStart: 3349938176
GRCh38.p13.genome.fa : chr # 601  "KI270720.1" chrStart: 3350200320
GRCh38.p13.genome.fa : chr # 602  "KI270721.1" chrStart: 3350462464
GRCh38.p13.genome.fa : chr # 603  "KI270722.1" chrStart: 3350724608
GRCh38.p13.genome.fa : chr # 604  "KI270723.1" chrStart: 3350986752
GRCh38.p13.genome.fa : chr # 605  "KI270724.1" chrStart: 3351248896
GRCh38.p13.genome.fa : chr # 606  "KI270725.1" chrStart: 3351511040
GRCh38.p13.genome.fa : chr # 607  "KI270726.1" chrStart: 3351773184
GRCh38.p13.genome.fa : chr # 608  "KI270727.1" chrStart: 3352035328
GRCh38.p13.genome.fa : chr # 609  "KI270728.1" chrStart: 3352559616
GRCh38.p13.genome.fa : chr # 610  "KI270729.1" chrStart: 3354656768
GRCh38.p13.genome.fa : chr # 611  "KI270730.1" chrStart: 3355181056
GRCh38.p13.genome.fa : chr # 612  "KI270731.1" chrStart: 3355443200
GRCh38.p13.genome.fa : chr # 613  "KI270732.1" chrStart: 3355705344
GRCh38.p13.genome.fa : chr # 614  "KI270733.1" chrStart: 3355967488
GRCh38.p13.genome.fa : chr # 615  "KI270734.1" chrStart: 3356229632
GRCh38.p13.genome.fa : chr # 616  "KI270735.1" chrStart: 3356491776
GRCh38.p13.genome.fa : chr # 617  "KI270736.1" chrStart: 3356753920
GRCh38.p13.genome.fa : chr # 618  "KI270737.1" chrStart: 3357016064
GRCh38.p13.genome.fa : chr # 619  "KI270738.1" chrStart: 3357278208
GRCh38.p13.genome.fa : chr # 620  "KI270739.1" chrStart: 3357540352
GRCh38.p13.genome.fa : chr # 621  "KI270740.1" chrStart: 3357802496
GRCh38.p13.genome.fa : chr # 622  "KI270741.1" chrStart: 3358064640
GRCh38.p13.genome.fa : chr # 623  "KI270742.1" chrStart: 3358326784
GRCh38.p13.genome.fa : chr # 624  "KI270743.1" chrStart: 3358588928
GRCh38.p13.genome.fa : chr # 625  "KI270744.1" chrStart: 3358851072
GRCh38.p13.genome.fa : chr # 626  "KI270745.1" chrStart: 3359113216
GRCh38.p13.genome.fa : chr # 627  "KI270746.1" chrStart: 3359375360
GRCh38.p13.genome.fa : chr # 628  "KI270747.1" chrStart: 3359637504
GRCh38.p13.genome.fa : chr # 629  "KI270748.1" chrStart: 3359899648
GRCh38.p13.genome.fa : chr # 630  "KI270749.1" chrStart: 3360161792
GRCh38.p13.genome.fa : chr # 631  "KI270750.1" chrStart: 3360423936
GRCh38.p13.genome.fa : chr # 632  "KI270751.1" chrStart: 3360686080
GRCh38.p13.genome.fa : chr # 633  "KI270752.1" chrStart: 3360948224
GRCh38.p13.genome.fa : chr # 634  "KI270753.1" chrStart: 3361210368
GRCh38.p13.genome.fa : chr # 635  "KI270754.1" chrStart: 3361472512
GRCh38.p13.genome.fa : chr # 636  "KI270755.1" chrStart: 3361734656
GRCh38.p13.genome.fa : chr # 637  "KI270756.1" chrStart: 3361996800
GRCh38.p13.genome.fa : chr # 638  "KI270757.1" chrStart: 3362258944
Chromosome sequence lengths: 
chr1	248956422
chr2	242193529
chr3	198295559
chr4	190214555
chr5	181538259
chr6	170805979
chr7	159345973
chr8	145138636
chr9	138394717
chr10	133797422
chr11	135086622
chr12	133275309
chr13	114364328
chr14	107043718
chr15	101991189
chr16	90338345
chr17	83257441
chr18	80373285
chr19	58617616
chr20	64444167
chr21	46709983
chr22	50818468
chrX	156040895
chrY	57227415
chrM	16569
GL000008.2	209709
GL000009.2	201709
GL000194.1	191469
GL000195.1	182896
GL000205.2	185591
GL000208.1	92689
GL000213.1	164239
GL000214.1	137718
GL000216.2	176608
GL000218.1	161147
GL000219.1	179198
GL000220.1	161802
GL000221.1	155397
GL000224.1	179693
GL000225.1	211173
GL000226.1	15008
KQ759759.1	196940
ML143376.1	493165
KN538364.1	415308
ML143355.1	292944
ML143348.1	125549
ML143347.1	176674
ML143346.1	53476
ML143352.1	254759
KQ759762.1	101037
ML143375.1	56695
KQ031383.1	467143
KN538369.1	541038
ML143342.1	84043
ML143350.1	89956
ML143362.1	192531
JH159136.1	200998
ML143357.1	165419
ML143385.1	17435
ML143378.1	461303
ML143382.1	28824
ML143383.1	68192
ML143384.1	14678
JH159137.1	191409
ML143356.1	45257
ML143364.1	158944
ML143365.1	65394
KZ208923.1	48370
KZ208924.1	209722
KQ031387.1	320750
KV766195.1	140877
KZ208916.1	1046838
ML143363.1	7309
KN538360.1	460100
KZ208920.1	690932
KZ208906.1	330031
KN196484.1	370917
KN196476.1	305979
KQ983257.1	230434
KN196479.1	330164
KV575245.1	154723
KZ208917.1	64689
KZ208911.1	242796
KN196473.1	166200
KZ559108.1	305244
KN196487.1	101150
KQ759760.1	315610
KN196475.1	451168
KV880766.1	156998
KV880767.1	265876
KQ090016.1	245716
ML143374.1	137908
KV880764.1	142129
KN538361.1	305542
KN196474.1	122022
ML143360.1	170928
KZ559109.1	279644
ML143359.1	217075
KQ090022.1	181958
KV766194.1	139427
KN196478.1	268330
KZ559104.1	105527
KN196480.1	277797
ML143370.1	369264
KQ090028.1	407387
KN196483.1	35455
KN196481.1	108875
KN538363.1	365499
KN538362.1	208149
KQ031385.1	373699
KV766192.1	411654
KQ031386.1	165718
KQ031388.1	179932
KN538365.1	14347
KN538366.1	85284
KN538367.1	420164
ML143361.1	297568
KN538370.1	86533
KN538373.1	148762
KZ559113.1	480415
KV880765.1	468267
KV766196.1	281919
KN538371.1	206320
KQ031384.1	481245
KN538372.1	356766
KQ090021.1	264545
ML143371.1	5500449
KN196482.1	211377
KZ559115.1	230843
KZ208914.1	165120
KZ208922.1	93070
ML143373.1	270967
ML143369.1	97763
ML143366.1	409912
ML143367.1	399183
ML143372.1	396515
ML143380.1	412368
ML143377.1	519485
ML143345.1	341066
KQ458386.1	405389
ML143358.1	270122
KV575244.1	673059
ML143381.1	403128
KZ559100.1	44955
ML143379.1	12295
ML143354.1	454963
ML143351.1	73265
ML143353.1	25408
ML143344.1	235734
ML143349.1	276109
KZ208912.1	589656
ML143341.1	145975
KZ208915.1	6367528
KV880768.1	1927115
KN196472.1	186494
GL383545.1	179254
GL383546.1	309802
KI270824.1	181496
KI270825.1	188315
KQ090020.1	185507
GL383547.1	154407
KN538368.1	203552
KI270826.1	186169
KI270827.1	67707
KZ559111.1	181167
KI270829.1	204059
KI270830.1	177092
KI270831.1	296895
KI270832.1	210133
KI270902.1	106711
KI270903.1	214625
KZ559110.1	301637
KI270927.1	218612
GL877875.1	167313
GL383549.1	120804
GL383550.2	169178
KQ090023.1	109323
GL877876.1	408271
GL383552.1	138655
KI270904.1	572349
GL383553.2	152874
KI270835.1	238139
GL383551.1	184319
KI270837.1	40090
KI270833.1	76061
KI270834.1	119498
KI270836.1	56134
KZ208918.1	174808
KZ559112.1	154139
KI270838.1	306913
KI270839.1	180306
KI270840.1	191684
KI270841.1	169134
KI270842.1	37287
KI270843.1	103832
KQ090024.1	168146
KQ090025.1	123480
KI270844.1	322166
KI270845.1	180703
KI270846.1	1351393
KI270847.1	1511111
KZ208919.1	171798
ML143368.1	264228
KI270852.1	478999
KI270848.1	327382
GL383554.1	296527
KI270906.1	196384
GL383555.2	388773
KI270851.1	263054
KI270849.1	244917
KI270905.1	5161414
KI270850.1	430880
KQ031389.1	2365364
KI270853.1	2659700
GL383556.1	192462
GL383557.1	89672
KI270855.1	232857
KQ031390.1	169136
KI270856.1	63982
KQ090027.1	267463
KQ090026.1	59016
KZ208921.1	78609
KI270854.1	134193
KI270909.1	325800
KV766197.1	246895
KZ559114.1	116753
GL383563.3	375691
KI270861.1	196688
GL383564.2	133151
GL000258.2	1821992
KI270860.1	178921
KI270907.1	137721
KI270862.1	391357
GL383565.1	223995
KI270908.1	1423190
KV766198.1	276292
KI270910.1	157099
GL383566.1	90219
JH159146.1	278131
JH159147.1	70345
JH159148.1	88070
KI270857.1	2877074
KI270858.1	235827
KI270859.1	108763
KZ559116.1	163186
GL383567.1	289831
GL383568.1	104552
GL383569.1	167950
GL383570.1	164789
GL383571.1	198278
GL383572.1	159547
KI270863.1	167999
KI270864.1	111737
KQ458385.1	205101
KI270912.1	174061
KI270911.1	157710
KV575254.1	99845
KV575246.1	163926
KV575256.1	223118
KV575253.1	166713
KV575252.1	178197
KV575255.1	161095
KV575259.1	171263
KI270917.1	190932
KI270918.1	123111
KI270919.1	170701
KV575247.1	170206
KV575248.1	168131
KV575250.1	241058
KV575249.1	293522
KV575257.1	100553
KI270920.1	198005
KI270921.1	282224
KI270922.1	187935
KI270923.1	189352
KI270929.1	186203
KI270930.1	200773
KI270931.1	170148
KI270932.1	215732
KI270933.1	170537
KI270882.1	248807
KI270883.1	170399
KI270884.1	157053
KI270885.1	171027
KI270886.1	204239
KI270887.1	209512
KI270888.1	155532
KV575258.1	156965
KV575251.1	159285
KV575260.1	145691
KI270889.1	170698
KI270890.1	184499
GL000209.2	177381
KI270891.1	170680
KI270914.1	205194
KI270915.1	170665
KI270916.1	184516
GL949746.1	987716
GL949747.2	729520
GL949748.2	1064304
GL949749.2	1091841
GL949750.2	1066390
GL949751.2	1002683
GL949752.1	987100
GL949753.2	796479
GL383573.1	385657
GL383574.1	155864
GL383575.2	170222
KI270866.1	43156
GL383576.1	188024
KI270867.1	233762
KI270865.1	52969
KI270938.1	1066800
KI270868.1	61734
KI270760.1	109528
KI270762.1	354444
GL383518.1	182439
KI270759.1	425601
KI270766.1	256271
GL383519.1	110268
KI270761.1	165834
KQ458382.1	141019
GL383520.2	366580
KI270763.1	911658
KQ458383.1	349938
KI270765.1	185285
KI270764.1	50258
KQ983255.1	278659
KQ458384.1	212205
KV880763.1	551020
KZ208904.1	166136
KZ208905.1	140355
KI270892.1	162212
GL383577.2	128386
KI270869.1	118774
KI270870.1	183433
KI270871.1	58661
GL383578.2	63917
GL383579.2	201197
GL383580.2	74653
GL383581.2	116689
KI270872.1	82692
KI270873.1	143900
KI270874.1	166743
GL383582.2	162811
GL383583.2	96924
KI270875.1	259914
KI270876.1	263666
KI270877.1	101331
KI270878.1	186262
KI270879.1	304135
KB663609.1	74013
KI270928.1	176103
KN196485.1	156562
KN196486.1	153027
KQ458387.1	155930
KQ458388.1	174749
KQ759761.1	145162
KI270769.1	120616
KI270767.1	161578
GL383521.1	143390
KI270772.1	133041
GL383522.1	123821
KI270770.1	136240
KI270893.1	161218
KI270894.1	214158
GL582966.2	96131
KI270773.1	70887
KI270776.1	174166
KI270768.1	110099
KI270774.1	223625
KI270771.1	110395
KI270775.1	138019
KQ983256.1	535088
KZ208907.1	181658
KZ208908.1	140361
JH636055.2	173151
GL383526.1	180671
KI270779.1	205312
KI270777.1	173649
KI270782.1	162429
KI270783.1	109187
KI270778.1	248252
KI270895.1	162896
KZ208909.1	175849
KI270780.1	224108
KI270924.1	166540
ML143343.1	215443
KI270781.1	113034
KI270934.1	163458
KZ559105.1	195063
KI270935.1	197351
KZ559101.1	164041
KI270936.1	164170
KZ559102.1	197752
KI270937.1	165607
KZ559103.1	302885
KI270784.1	184404
KQ983258.1	205407
KV766193.1	420675
GL383527.1	164536
KI270790.1	220246
GL383528.1	376187
KI270787.1	111943
GL000257.2	586476
KI270785.1	119912
KQ090013.1	90922
KI270786.1	244096
KI270788.1	158965
KI270789.1	205944
KI270896.1	378547
KI270925.1	555799
KQ090014.1	163749
KQ090015.1	236512
GL383532.1	82728
KI270897.1	1144418
GL383531.1	173459
GL949742.1	226852
GL339449.2	1612928
KI270795.1	131892
KI270791.1	195710
GL383530.1	101241
KI270898.1	130957
KI270792.1	179043
KI270796.1	172708
KI270793.1	126136
KI270794.1	164558
KN196477.1	139087
KV575243.1	362221
KZ208910.1	135987
KQ090017.1	82315
GL383533.1	124736
KB021644.2	185823
KI270797.1	197536
KI270798.1	271782
KI270799.1	152148
KI270800.1	175808
KI270801.1	870480
KI270802.1	75005
KI270758.1	76752
GL000250.2	4672374
GL000251.2	4795265
GL000252.2	4604811
GL000253.2	4677643
GL000254.2	4827813
GL000255.2	4606388
GL000256.2	4929269
KI270804.1	157952
KI270806.1	158166
GL383534.2	119183
KI270805.1	209988
KI270899.1	190869
KI270809.1	209586
KI270803.1	1111570
KI270807.1	126434
KZ559106.1	172555
KZ208913.1	680662
KI270808.1	271455
KI270811.1	292436
KI270814.1	141812
KI270810.1	374415
KI270812.1	282736
KI270815.1	132244
KI270813.1	300230
KI270816.1	305841
KI270818.1	145606
KI270817.1	158983
KI270900.1	318687
KI270819.1	133535
KI270901.1	136959
KI270820.1	36640
KI270926.1	229282
KZ559107.1	103072
KI270821.1	985506
KI270822.1	624492
GL383539.1	162988
GL383540.1	71551
GL383541.1	171286
GL383542.1	60032
KI270823.1	439082
KQ090018.1	163882
KQ090019.1	134099
KI270880.1	284869
KI270881.1	144206
KI270913.1	274009
KV766199.1	188004
KI270302.1	2274
KI270303.1	1942
KI270304.1	2165
KI270305.1	1472
KI270310.1	1201
KI270311.1	12399
KI270312.1	998
KI270315.1	2276
KI270316.1	1444
KI270317.1	37690
KI270320.1	4416
KI270322.1	21476
KI270329.1	1040
KI270330.1	1652
KI270333.1	2699
KI270334.1	1368
KI270335.1	1048
KI270336.1	1026
KI270337.1	1121
KI270338.1	1428
KI270340.1	1428
KI270362.1	3530
KI270363.1	1803
KI270364.1	2855
KI270366.1	8320
KI270371.1	2805
KI270372.1	1650
KI270373.1	1451
KI270374.1	2656
KI270375.1	2378
KI270376.1	1136
KI270378.1	1048
KI270379.1	1045
KI270381.1	1930
KI270382.1	4215
KI270383.1	1750
KI270384.1	1658
KI270385.1	990
KI270386.1	1788
KI270387.1	1537
KI270388.1	1216
KI270389.1	1298
KI270390.1	2387
KI270391.1	1484
KI270392.1	971
KI270393.1	1308
KI270394.1	970
KI270395.1	1143
KI270396.1	1880
KI270411.1	2646
KI270412.1	1179
KI270414.1	2489
KI270417.1	2043
KI270418.1	2145
KI270419.1	1029
KI270420.1	2321
KI270422.1	1445
KI270423.1	981
KI270424.1	2140
KI270425.1	1884
KI270429.1	1361
KI270435.1	92983
KI270438.1	112505
KI270442.1	392061
KI270448.1	7992
KI270465.1	1774
KI270466.1	1233
KI270467.1	3920
KI270468.1	4055
KI270507.1	5353
KI270508.1	1951
KI270509.1	2318
KI270510.1	2415
KI270511.1	8127
KI270512.1	22689
KI270515.1	6361
KI270516.1	1300
KI270517.1	3253
KI270518.1	2186
KI270519.1	138126
KI270521.1	7642
KI270522.1	5674
KI270528.1	2983
KI270529.1	1899
KI270530.1	2168
KI270538.1	91309
KI270539.1	993
KI270544.1	1202
KI270548.1	1599
KI270579.1	31033
KI270580.1	1553
KI270581.1	7046
KI270582.1	6504
KI270583.1	1400
KI270584.1	4513
KI270587.1	2969
KI270588.1	6158
KI270589.1	44474
KI270590.1	4685
KI270591.1	5796
KI270593.1	3041
KI270706.1	175055
KI270707.1	32032
KI270708.1	127682
KI270709.1	66860
KI270710.1	40176
KI270711.1	42210
KI270712.1	176043
KI270713.1	40745
KI270714.1	41717
KI270715.1	161471
KI270716.1	153799
KI270717.1	40062
KI270718.1	38054
KI270719.1	176845
KI270720.1	39050
KI270721.1	100316
KI270722.1	194050
KI270723.1	38115
KI270724.1	39555
KI270725.1	172810
KI270726.1	43739
KI270727.1	448248
KI270728.1	1872759
KI270729.1	280839
KI270730.1	112551
KI270731.1	150754
KI270732.1	41543
KI270733.1	179772
KI270734.1	165050
KI270735.1	42811
KI270736.1	181920
KI270737.1	103838
KI270738.1	99375
KI270739.1	73985
KI270740.1	37240
KI270741.1	157432
KI270742.1	186739
KI270743.1	210658
KI270744.1	168472
KI270745.1	41891
KI270746.1	66486
KI270747.1	198735
KI270748.1	93321
KI270749.1	158759
KI270750.1	148850
KI270751.1	150742
KI270752.1	27745
KI270753.1	62944
KI270754.1	40191
KI270755.1	36723
KI270756.1	79590
KI270757.1	71251
Genome sequence total length = 3267117988
Genome size with padding = 3362521088
Estimated genome size with padding and SJs: total=genome+SJ=3563521088 = 3362521088 + 201000000
GstrandBit=32
Number of SA indices: 6211572570
Feb 17 13:40:23 ... starting to sort Suffix Array. This may take a long time...
Number of chunks: 23;   chunks size limit: 2343102432 bytes
Feb 17 13:40:30 ... sorting Suffix Array chunks and saving them to disk...
Writing 2236340416 bytes into star//SA_8 ; empty space on disk = 519826202624 bytes ... done
Writing 2168814904 bytes into star//SA_6 ; empty space on disk = 517589856256 bytes ... done
Writing 2227957232 bytes into star//SA_4 ; empty space on disk = 515421036544 bytes ... done
Writing 2256382504 bytes into star//SA_5 ; empty space on disk = 513193074688 bytes ... done
Writing 2204061528 bytes into star//SA_0 ; empty space on disk = 510936686592 bytes ... done
Writing 2236674760 bytes into star//SA_2 ; empty space on disk = 508732620800 bytes ...Writing 2144881744 bytes into star//SA_7 ; empty space on disk = 506667798528 bytes ... done
 done
Writing 2208053392 bytes into star//SA_10 ; empty space on disk = 504351051776 bytes ... done
Writing 2281148736 bytes into star//SA_1 ; empty space on disk = 502142996480 bytes ... done
Writing 2218410704 bytes into star//SA_3 ; empty space on disk = 499861831680 bytes ... done
Writing 2300365840 bytes into star//SA_9 ; empty space on disk = 497643413504 bytes ... done
Writing 2256789632 bytes into star//SA_11 ; empty space on disk = 495343042560 bytes ... done
Writing 760780872 bytes into star//SA_22 ; empty space on disk = 493086240768 bytes ... done
Writing 2265821792 bytes into star//SA_14 ; empty space on disk = 492325433344 bytes ...Writing 2085155832 bytes into star//SA_19 ; empty space on disk = 490103590912 bytes ... done
 done
Writing 2167172584 bytes into star//SA_12 ; empty space on disk = 487974440960 bytes ... done
Writing 2306572264 bytes into star//SA_16 ; empty space on disk = 485807263744 bytes ... done
Writing 2198678768 bytes into star//SA_13 ; empty space on disk = 483500687360 bytes ...Writing 2084576496 bytes into star//SA_21 ; empty space on disk = 483030933504 bytes ... done
 done
Writing 2306954504 bytes into star//SA_20 ; empty space on disk = 479217422336 bytes ... done
Writing 2228667184 bytes into star//SA_17 ; empty space on disk = 476910465024 bytes ... done
Writing 2213994072 bytes into star//SA_15 ; empty space on disk = 474681786368 bytes ... done
Writing 2334324800 bytes into star//SA_18 ; empty space on disk = 472467787776 bytes ... done
Feb 17 14:13:03 ... loading chunks from disk, packing SA...
Feb 17 14:15:37 ... finished generating suffix array
Feb 17 14:15:37 ... generating Suffix Array index
Feb 17 14:23:12 ... completed Suffix Array index
Feb 17 14:23:12 ... writing Genome to disk ...
Writing 3362521088 bytes into star//Genome ; empty space on disk = 519833829376 bytes ... done
SA size in bytes: 25622736855
Feb 17 14:23:16 ... writing Suffix Array to disk ...
Writing 25622736855 bytes into star//SA ; empty space on disk = 516471304192 bytes ... done
Feb 17 14:25:24 ... writing SAindex to disk
Writing 8 bytes into star//SAindex ; empty space on disk = 490848563200 bytes ... done
Writing 120 bytes into star//SAindex ; empty space on disk = 490848563200 bytes ... done
Writing 1565873491 bytes into star//SAindex ; empty space on disk = 490848563200 bytes ... done
Feb 17 14:25:52 ..... finished successfully
DONE: Genome generation, EXITING
